<?xml version="1.0" encoding="UTF-8"?>
<!-- Generated by org.testng.reporters.JUnitReportReporter -->
<testsuite hostname="QT-LP003" failures="0" tests="2" name="pom.LoginTest" time="24.693" errors="0" timestamp="2025-05-30T15:12:44 IST" skipped="0">
  <testcase classname="pom.LoginTest" name="loginTest2" time="12.764"/>
  <testcase classname="pom.LoginTest" name="loginTest1" time="11.929"/>
</testsuite> <!-- pom.LoginTest -->
