<?xml version="1.0" encoding="UTF-8"?>
<!-- Generated by org.testng.reporters.JUnitReportReporter -->
<testsuite hostname="QT-LP003" failures="0" tests="1" name="pom2.FacebookLoginTest" time="0.579" errors="0" timestamp="2025-06-03T14:33:22 IST" skipped="0">
  <testcase classname="pom2.FacebookLoginTest" name="loginTest1" time="0.579"/>
</testsuite> <!-- pom2.FacebookLoginTest -->
