<?xml version="1.0" encoding="UTF-8"?>
<!-- Generated by org.testng.reporters.JUnitReportReporter -->
<testsuite hostname="QT-LP003" failures="0" tests="3" name="testNgday1.BasicAnononation2" time="0.051" errors="0" timestamp="2025-05-23T15:05:49 IST" skipped="0">
  <testcase classname="testNgday1.BasicAnononation2" name="zTestabc" time="0.040"/>
  <testcase classname="testNgday1.BasicAnononation2" name="testxyz" time="0.007"/>
  <testcase classname="testNgday1.BasicAnononation2" name="testabc" time="0.004"/>
</testsuite> <!-- testNgday1.BasicAnononation2 -->
