<?xml version="1.0" encoding="UTF-8"?>
<!-- Generated by org.testng.reporters.JUnitReportReporter -->
<testsuite hostname="QT-LP003" failures="0" tests="4" name="testNgday2.ParallelTesting" time="68.601" errors="0" timestamp="2025-05-24T15:31:53 IST" skipped="0">
  <testcase classname="testNgday2.ParallelTesting" name="test1" time="17.261"/>
  <testcase classname="testNgday2.ParallelTesting" name="test4" time="17.025"/>
  <testcase classname="testNgday2.ParallelTesting" name="test2" time="17.112"/>
  <testcase classname="testNgday2.ParallelTesting" name="test3" time="17.203"/>
</testsuite> <!-- testNgday2.ParallelTesting -->
