<?xml version="1.0" encoding="UTF-8"?>
<!-- Generated by org.testng.reporters.JUnitReportReporter -->
<testsuite hostname="QT-LP003" failures="0" tests="2" name="testNgday1.GroupingTest" time="0.031" errors="0" timestamp="2025-05-23T15:16:33 IST" skipped="0">
  <testcase classname="testNgday1.GroupingTest" name="addToCart" time="0.024"/>
  <testcase classname="testNgday1.GroupingTest" name="logoutTest" time="0.007"/>
</testsuite> <!-- testNgday1.GroupingTest -->
