<?xml version="1.0" encoding="UTF-8"?>
<!-- Generated by org.testng.reporters.JUnitReportReporter -->
<testsuite hostname="QT-LP003" failures="0" tests="1" name="day7.FileUpload" time="4.010" errors="0" timestamp="2025-06-04T14:51:19 IST" skipped="0">
  <testcase classname="day7.FileUpload" name="fileUp" time="4.010"/>
</testsuite> <!-- day7.FileUpload -->
