<?xml version="1.0" encoding="UTF-8"?>
<!-- Generated by org.testng.reporters.JUnitReportReporter -->
<testsuite hostname="QT-LP003" failures="0" tests="1" name="testNgday2.PassingParameters" time="0.022" errors="0" timestamp="2025-05-24T15:39:39 IST" skipped="0">
  <testcase classname="testNgday2.PassingParameters" name="test1" time="0.022"/>
</testsuite> <!-- testNgday2.PassingParameters -->
