<?xml version="1.0" encoding="UTF-8"?>
<!-- Generated by org.testng.reporters.JUnitReportReporter -->
<testsuite hostname="QT-LP003" failures="0" tests="2" name="testNgday1.TestWithAttriubtes" time="0.035" errors="0" timestamp="2025-05-23T15:05:49 IST" skipped="0">
  <testcase classname="testNgday1.TestWithAttriubtes" name="loginTest" time="0.027"/>
  <testcase classname="testNgday1.TestWithAttriubtes" name="logoutTest" time="0.008"/>
</testsuite> <!-- testNgday1.TestWithAttriubtes -->
