<?xml version="1.0" encoding="UTF-8"?>
<!-- Generated by org.testng.reporters.JUnitReportReporter -->
<testsuite hostname="QT-LP003" failures="0" tests="1" name="testNgday2.HardAssertion2" time="12.889" errors="0" timestamp="2025-05-24T14:44:25 IST" skipped="0">
  <testcase classname="testNgday2.HardAssertion2" name="validLoginWithvalid" time="12.889"/>
</testsuite> <!-- testNgday2.HardAssertion2 -->
