<?xml version="1.0" encoding="UTF-8"?>
<!-- Generated by org.testng.reporters.JUnitReportReporter -->
<testsuite hostname="QT-LP003" failures="0" tests="1" name="testNgday1.UndestandPageObjectModel1" time="15.170" errors="0" timestamp="2025-05-30T14:19:12 IST" skipped="0">
  <testcase classname="testNgday1.UndestandPageObjectModel1" name="checkRadioButton" time="15.170"/>
</testsuite> <!-- testNgday1.UndestandPageObjectModel1 -->
