<?xml version="1.0" encoding="UTF-8"?>
<!-- Generated by org.testng.reporters.JUnitReportReporter -->
<testsuite hostname="QT-LP003" failures="0" tests="1" name="testNgday1.FindMissinNumber" time="0.033" errors="0" timestamp="2025-05-23T15:55:39 IST" skipped="0">
  <testcase classname="testNgday1.FindMissinNumber" name="findMissingNumber" time="0.033"/>
</testsuite> <!-- testNgday1.FindMissinNumber -->
