<?xml version="1.0" encoding="UTF-8"?>
<!-- Generated by org.testng.reporters.JUnitReportReporter -->
<testsuite hostname="QT-LP003" failures="0" tests="2" name="testNgday1.preConditonPostConditions" time="0.026" errors="0" timestamp="2025-05-23T15:05:49 IST" skipped="0">
  <testcase classname="testNgday1.preConditonPostConditions" name="loginTest1" time="0.016"/>
  <testcase classname="testNgday1.preConditonPostConditions" name="loginTest2" time="0.010"/>
</testsuite> <!-- testNgday1.preConditonPostConditions -->
